<?xml version="1.0" encoding="UTF-8"?>
<!-- Generated by org.testng.reporters.JUnitXMLReporter -->
<testsuite ignored="0" hostname="DESKTOP-KC8P2PH" failures="0" tests="3" name="Default test" time="19.247" errors="0" timestamp="2022-09-17T12:57:33 IST">
  <testcase classname="com.TestClass.LoginPageTC1" name="text1test" time="1.239"/>
  <testcase classname="com.TestClass.LoginPageTC1" name="text2test" time="0.07"/>
  <testcase classname="com.TestClass.LoginPageTC1" name="login" time="5.067"/>
</testsuite> <!-- Default test -->
