<?xml version="1.0" encoding="UTF-8"?>
<testng-results ignored="0" total="3" passed="3" failed="0" skipped="0">
  <reporter-output>
  </reporter-output>
  <suite started-at="2022-09-17T12:57:12 IST" name="Default suite" finished-at="2022-09-17T12:57:31 IST" duration-ms="19247">
    <groups>
    </groups>
    <test started-at="2022-09-17T12:57:12 IST" name="Default test" finished-at="2022-09-17T12:57:31 IST" duration-ms="19247">
      <class name="com.TestClass.LoginPageTC1">
        <test-method is-config="true" signature="browserOpen(java.lang.String)[pri:0, instance:com.TestClass.LoginPageTC1@4659191b]" started-at="2022-09-17T12:57:13 IST" name="browserOpen" finished-at="2022-09-17T12:57:20 IST" duration-ms="6662" status="PASS">
          <params>
            <param index="0">
              <value>
                <![CDATA[chrome]]>
              </value>
            </param>
          </params>
          <reporter-output>
          </reporter-output>
        </test-method> <!-- browserOpen -->
        <test-method signature="text1test()[pri:1, instance:com.TestClass.LoginPageTC1@4659191b]" started-at="2022-09-17T12:57:20 IST" name="text1test" finished-at="2022-09-17T12:57:21 IST" duration-ms="1239" status="PASS">
          <reporter-output>
          </reporter-output>
        </test-method> <!-- text1test -->
        <test-method signature="text2test()[pri:2, instance:com.TestClass.LoginPageTC1@4659191b]" started-at="2022-09-17T12:57:21 IST" name="text2test" finished-at="2022-09-17T12:57:21 IST" duration-ms="70" status="PASS">
          <reporter-output>
          </reporter-output>
        </test-method> <!-- text2test -->
        <test-method signature="login()[pri:3, instance:com.TestClass.LoginPageTC1@4659191b]" started-at="2022-09-17T12:57:21 IST" name="login" finished-at="2022-09-17T12:57:26 IST" duration-ms="5067" status="PASS">
          <reporter-output>
          </reporter-output>
        </test-method> <!-- login -->
        <test-method is-config="true" signature="Browserclose()[pri:0, instance:com.TestClass.LoginPageTC1@4659191b]" started-at="2022-09-17T12:57:26 IST" name="Browserclose" finished-at="2022-09-17T12:57:31 IST" duration-ms="5256" status="PASS">
          <reporter-output>
          </reporter-output>
        </test-method> <!-- Browserclose -->
      </class> <!-- com.TestClass.LoginPageTC1 -->
    </test> <!-- Default test -->
  </suite> <!-- Default suite -->
</testng-results>
